This file contains any messages produced by compilers while
running configure, to aid debugging if configure makes a mistake.

It was created by igraph configure 0.5.1, which was
generated by GNU Autoconf 2.61.  Invocation command line was

  $ ./configure 

## --------- ##
## Platform. ##
## --------- ##

hostname = mc116-001604
uname -m = x86_64
uname -r = 5.15.0-67-generic
uname -s = Linux
uname -v = #74~20.04.1-Ubuntu SMP Wed Feb 22 14:52:34 UTC 2023

/usr/bin/uname -p = x86_64
/bin/uname -X     = unknown

/bin/arch              = x86_64
/usr/bin/arch -k       = unknown
/usr/convex/getsysinfo = unknown
/usr/bin/hostinfo      = unknown
/bin/machine           = unknown
/usr/bin/oslevel       = unknown
/bin/universe          = unknown

PATH: /home/lpotin/.local/bin
PATH: /usr/local/sbin
PATH: /usr/local/bin
PATH: /usr/sbin
PATH: /usr/bin
PATH: /sbin
PATH: /bin
PATH: /usr/games
PATH: /usr/local/games
PATH: /snap/bin


## ----------- ##
## Core tests. ##
## ----------- ##

configure:2015: checking for a BSD-compatible install
configure:2071: result: /usr/bin/install -c
configure:2082: checking whether build environment is sane
configure:2125: result: yes
configure:2153: checking for a thread-safe mkdir -p
configure:2192: result: /usr/bin/mkdir -p
configure:2205: checking for gawk
configure:2235: result: no
configure:2205: checking for mawk
configure:2221: found /usr/bin/mawk
configure:2232: result: mawk
configure:2243: checking whether make sets $(MAKE)
configure:2264: result: yes
configure:2510: checking for gcc
configure:2526: found /usr/bin/gcc
configure:2537: result: gcc
configure:2775: checking for C compiler version
configure:2782: gcc --version >&5
gcc (Ubuntu 9.4.0-1ubuntu1~20.04.1) 9.4.0
Copyright (C) 2019 Free Software Foundation, Inc.
This is free software; see the source for copying conditions.  There is NO
warranty; not even for MERCHANTABILITY or FITNESS FOR A PARTICULAR PURPOSE.

configure:2785: $? = 0
configure:2792: gcc -v >&5
Using built-in specs.
COLLECT_GCC=gcc
COLLECT_LTO_WRAPPER=/usr/lib/gcc/x86_64-linux-gnu/9/lto-wrapper
OFFLOAD_TARGET_NAMES=nvptx-none:hsa
OFFLOAD_TARGET_DEFAULT=1
Target: x86_64-linux-gnu
Configured with: ../src/configure -v --with-pkgversion='Ubuntu 9.4.0-1ubuntu1~20.04.1' --with-bugurl=file:///usr/share/doc/gcc-9/README.Bugs --enable-languages=c,ada,c++,go,brig,d,fortran,objc,obj-c++,gm2 --prefix=/usr --with-gcc-major-version-only --program-suffix=-9 --program-prefix=x86_64-linux-gnu- --enable-shared --enable-linker-build-id --libexecdir=/usr/lib --without-included-gettext --enable-threads=posix --libdir=/usr/lib --enable-nls --enable-clocale=gnu --enable-libstdcxx-debug --enable-libstdcxx-time=yes --with-default-libstdcxx-abi=new --enable-gnu-unique-object --disable-vtable-verify --enable-plugin --enable-default-pie --with-system-zlib --with-target-system-zlib=auto --enable-objc-gc=auto --enable-multiarch --disable-werror --with-arch-32=i686 --with-abi=m64 --with-multilib-list=m32,m64,mx32 --enable-multilib --with-tune=generic --enable-offload-targets=nvptx-none=/build/gcc-9-Av3uEd/gcc-9-9.4.0/debian/tmp-nvptx/usr,hsa --without-cuda-driver --enable-checking=release --build=x86_64-linux-gnu --host=x86_64-linux-gnu --target=x86_64-linux-gnu
Thread model: posix
gcc version 9.4.0 (Ubuntu 9.4.0-1ubuntu1~20.04.1) 
configure:2795: $? = 0
configure:2802: gcc -V >&5
gcc: error: unrecognized command line option '-V'
gcc: fatal error: no input files
compilation terminated.
configure:2805: $? = 1
configure:2828: checking for C compiler default output file name
configure:2855: gcc    conftest.c  >&5
configure:2858: $? = 0
configure:2896: result: a.out
configure:2913: checking whether the C compiler works
configure:2923: ./a.out
configure:2926: $? = 0
configure:2943: result: yes
configure:2950: checking whether we are cross compiling
configure:2952: result: no
configure:2955: checking for suffix of executables
configure:2962: gcc -o conftest    conftest.c  >&5
configure:2965: $? = 0
configure:2989: result: 
configure:2995: checking for suffix of object files
configure:3021: gcc -c   conftest.c >&5
configure:3024: $? = 0
configure:3047: result: o
configure:3051: checking whether we are using the GNU C compiler
configure:3080: gcc -c   conftest.c >&5
configure:3086: $? = 0
configure:3103: result: yes
configure:3108: checking whether gcc accepts -g
configure:3138: gcc -c -g  conftest.c >&5
configure:3144: $? = 0
configure:3243: result: yes
configure:3260: checking for gcc option to accept ISO C89
configure:3334: gcc  -c -g -O2  conftest.c >&5
configure:3340: $? = 0
configure:3363: result: none needed
configure:3392: checking for style of include used by make
configure:3420: result: GNU
configure:3445: checking dependency style of gcc
configure:3536: result: gcc3
configure:3609: checking for g++
configure:3625: found /usr/bin/g++
configure:3636: result: g++
configure:3667: checking for C++ compiler version
configure:3674: g++ --version >&5
g++ (Ubuntu 9.4.0-1ubuntu1~20.04.1) 9.4.0
Copyright (C) 2019 Free Software Foundation, Inc.
This is free software; see the source for copying conditions.  There is NO
warranty; not even for MERCHANTABILITY or FITNESS FOR A PARTICULAR PURPOSE.

configure:3677: $? = 0
configure:3684: g++ -v >&5
Using built-in specs.
COLLECT_GCC=g++
COLLECT_LTO_WRAPPER=/usr/lib/gcc/x86_64-linux-gnu/9/lto-wrapper
OFFLOAD_TARGET_NAMES=nvptx-none:hsa
OFFLOAD_TARGET_DEFAULT=1
Target: x86_64-linux-gnu
Configured with: ../src/configure -v --with-pkgversion='Ubuntu 9.4.0-1ubuntu1~20.04.1' --with-bugurl=file:///usr/share/doc/gcc-9/README.Bugs --enable-languages=c,ada,c++,go,brig,d,fortran,objc,obj-c++,gm2 --prefix=/usr --with-gcc-major-version-only --program-suffix=-9 --program-prefix=x86_64-linux-gnu- --enable-shared --enable-linker-build-id --libexecdir=/usr/lib --without-included-gettext --enable-threads=posix --libdir=/usr/lib --enable-nls --enable-clocale=gnu --enable-libstdcxx-debug --enable-libstdcxx-time=yes --with-default-libstdcxx-abi=new --enable-gnu-unique-object --disable-vtable-verify --enable-plugin --enable-default-pie --with-system-zlib --with-target-system-zlib=auto --enable-objc-gc=auto --enable-multiarch --disable-werror --with-arch-32=i686 --with-abi=m64 --with-multilib-list=m32,m64,mx32 --enable-multilib --with-tune=generic --enable-offload-targets=nvptx-none=/build/gcc-9-Av3uEd/gcc-9-9.4.0/debian/tmp-nvptx/usr,hsa --without-cuda-driver --enable-checking=release --build=x86_64-linux-gnu --host=x86_64-linux-gnu --target=x86_64-linux-gnu
Thread model: posix
gcc version 9.4.0 (Ubuntu 9.4.0-1ubuntu1~20.04.1) 
configure:3687: $? = 0
configure:3694: g++ -V >&5
g++: error: unrecognized command line option '-V'
g++: fatal error: no input files
compilation terminated.
configure:3697: $? = 1
configure:3700: checking whether we are using the GNU C++ compiler
configure:3729: g++ -c   conftest.cpp >&5
configure:3735: $? = 0
configure:3752: result: yes
configure:3757: checking whether g++ accepts -g
configure:3787: g++ -c -g  conftest.cpp >&5
configure:3793: $? = 0
configure:3892: result: yes
configure:3917: checking dependency style of g++
configure:4008: result: gcc3
configure:4028: checking for flex
configure:4058: result: no
configure:4028: checking for lex
configure:4058: result: no
configure:4235: checking for bison
configure:4265: result: no
configure:4235: checking for byacc
configure:4265: result: no
configure:4280: checking how to run the C preprocessor
configure:4320: gcc -E  conftest.c
configure:4326: $? = 0
configure:4357: gcc -E  conftest.c
conftest.c:10:10: fatal error: ac_nonexistent.h: No such file or directory
   10 | #include <ac_nonexistent.h>
      |          ^~~~~~~~~~~~~~~~~~
compilation terminated.
configure:4363: $? = 1
configure: failed program was:
| /* confdefs.h.  */
| #define PACKAGE_NAME "igraph"
| #define PACKAGE_TARNAME "igraph"
| #define PACKAGE_VERSION "0.5.1"
| #define PACKAGE_STRING "igraph 0.5.1"
| #define PACKAGE_BUGREPORT "csardi@rmki.kfki.hu"
| #define PACKAGE "igraph"
| #define VERSION "0.5.1"
| /* end confdefs.h.  */
| #include <ac_nonexistent.h>
configure:4396: result: gcc -E
configure:4425: gcc -E  conftest.c
configure:4431: $? = 0
configure:4462: gcc -E  conftest.c
conftest.c:10:10: fatal error: ac_nonexistent.h: No such file or directory
   10 | #include <ac_nonexistent.h>
      |          ^~~~~~~~~~~~~~~~~~
compilation terminated.
configure:4468: $? = 1
configure: failed program was:
| /* confdefs.h.  */
| #define PACKAGE_NAME "igraph"
| #define PACKAGE_TARNAME "igraph"
| #define PACKAGE_VERSION "0.5.1"
| #define PACKAGE_STRING "igraph 0.5.1"
| #define PACKAGE_BUGREPORT "csardi@rmki.kfki.hu"
| #define PACKAGE "igraph"
| #define VERSION "0.5.1"
| /* end confdefs.h.  */
| #include <ac_nonexistent.h>
configure:4506: checking for grep that handles long lines and -e
configure:4580: result: /usr/bin/grep
configure:4585: checking for egrep
configure:4663: result: /usr/bin/grep -E
configure:4668: checking for ANSI C header files
configure:4698: gcc -c -g -O2  conftest.c >&5
configure:4704: $? = 0
configure:4803: gcc -o conftest -g -O2   conftest.c  >&5
configure:4806: $? = 0
configure:4812: ./conftest
configure:4815: $? = 0
configure:4832: result: yes
configure:4856: checking for sys/types.h
configure:4877: gcc -c -g -O2  conftest.c >&5
configure:4883: $? = 0
configure:4899: result: yes
configure:4856: checking for sys/stat.h
configure:4877: gcc -c -g -O2  conftest.c >&5
configure:4883: $? = 0
configure:4899: result: yes
configure:4856: checking for stdlib.h
configure:4877: gcc -c -g -O2  conftest.c >&5
configure:4883: $? = 0
configure:4899: result: yes
configure:4856: checking for string.h
configure:4877: gcc -c -g -O2  conftest.c >&5
configure:4883: $? = 0
configure:4899: result: yes
configure:4856: checking for memory.h
configure:4877: gcc -c -g -O2  conftest.c >&5
configure:4883: $? = 0
configure:4899: result: yes
configure:4856: checking for strings.h
configure:4877: gcc -c -g -O2  conftest.c >&5
configure:4883: $? = 0
configure:4899: result: yes
configure:4856: checking for inttypes.h
configure:4877: gcc -c -g -O2  conftest.c >&5
configure:4883: $? = 0
configure:4899: result: yes
configure:4856: checking for stdint.h
configure:4877: gcc -c -g -O2  conftest.c >&5
configure:4883: $? = 0
configure:4899: result: yes
configure:4856: checking for unistd.h
configure:4877: gcc -c -g -O2  conftest.c >&5
configure:4883: $? = 0
configure:4899: result: yes
configure:4921: checking sys/times.h usability
configure:4938: gcc -c -g -O2  conftest.c >&5
configure:4944: $? = 0
configure:4958: result: yes
configure:4962: checking sys/times.h presence
configure:4977: gcc -E  conftest.c
configure:4983: $? = 0
configure:4997: result: yes
configure:5030: checking for sys/times.h
configure:5037: result: yes
configure:5133: checking build system type
configure:5151: result: x86_64-unknown-linux-gnu
configure:5173: checking host system type
configure:5188: result: x86_64-unknown-linux-gnu
configure:5210: checking for a sed that does not truncate output
configure:5266: result: /usr/bin/sed
configure:5280: checking for ld used by gcc
configure:5347: result: /usr/bin/ld
configure:5356: checking if the linker (/usr/bin/ld) is GNU ld
configure:5371: result: yes
configure:5376: checking for /usr/bin/ld option to reload object files
configure:5383: result: -r
configure:5401: checking for BSD-compatible nm
configure:5450: result: /usr/bin/nm -B
configure:5454: checking whether ln -s works
configure:5458: result: yes
configure:5465: checking how to recognize dependent libraries
configure:5651: result: pass_all
configure:5739: gcc -c -g -O2  conftest.c >&5
configure:5742: $? = 0
configure:6195: checking dlfcn.h usability
configure:6212: gcc -c -g -O2  conftest.c >&5
configure:6218: $? = 0
configure:6232: result: yes
configure:6236: checking dlfcn.h presence
configure:6251: gcc -E  conftest.c
configure:6257: $? = 0
configure:6271: result: yes
configure:6304: checking for dlfcn.h
configure:6312: result: yes
configure:6335: checking how to run the C++ preprocessor
configure:6371: g++ -E  conftest.cpp
configure:6377: $? = 0
configure:6408: g++ -E  conftest.cpp
conftest.cpp:22:10: fatal error: ac_nonexistent.h: No such file or directory
   22 | #include <ac_nonexistent.h>
      |          ^~~~~~~~~~~~~~~~~~
compilation terminated.
configure:6414: $? = 1
configure: failed program was:
| /* confdefs.h.  */
| #define PACKAGE_NAME "igraph"
| #define PACKAGE_TARNAME "igraph"
| #define PACKAGE_VERSION "0.5.1"
| #define PACKAGE_STRING "igraph 0.5.1"
| #define PACKAGE_BUGREPORT "csardi@rmki.kfki.hu"
| #define PACKAGE "igraph"
| #define VERSION "0.5.1"
| #define STDC_HEADERS 1
| #define HAVE_SYS_TYPES_H 1
| #define HAVE_SYS_STAT_H 1
| #define HAVE_STDLIB_H 1
| #define HAVE_STRING_H 1
| #define HAVE_MEMORY_H 1
| #define HAVE_STRINGS_H 1
| #define HAVE_INTTYPES_H 1
| #define HAVE_STDINT_H 1
| #define HAVE_UNISTD_H 1
| #define HAVE_TIMES_H 1
| #define HAVE_DLFCN_H 1
| /* end confdefs.h.  */
| #include <ac_nonexistent.h>
configure:6447: result: g++ -E
configure:6476: g++ -E  conftest.cpp
configure:6482: $? = 0
configure:6513: g++ -E  conftest.cpp
conftest.cpp:22:10: fatal error: ac_nonexistent.h: No such file or directory
   22 | #include <ac_nonexistent.h>
      |          ^~~~~~~~~~~~~~~~~~
compilation terminated.
configure:6519: $? = 1
configure: failed program was:
| /* confdefs.h.  */
| #define PACKAGE_NAME "igraph"
| #define PACKAGE_TARNAME "igraph"
| #define PACKAGE_VERSION "0.5.1"
| #define PACKAGE_STRING "igraph 0.5.1"
| #define PACKAGE_BUGREPORT "csardi@rmki.kfki.hu"
| #define PACKAGE "igraph"
| #define VERSION "0.5.1"
| #define STDC_HEADERS 1
| #define HAVE_SYS_TYPES_H 1
| #define HAVE_SYS_STAT_H 1
| #define HAVE_STDLIB_H 1
| #define HAVE_STRING_H 1
| #define HAVE_MEMORY_H 1
| #define HAVE_STRINGS_H 1
| #define HAVE_INTTYPES_H 1
| #define HAVE_STDINT_H 1
| #define HAVE_UNISTD_H 1
| #define HAVE_TIMES_H 1
| #define HAVE_DLFCN_H 1
| /* end confdefs.h.  */
| #include <ac_nonexistent.h>
configure:6612: checking for g77
configure:6642: result: no
configure:6612: checking for xlf
configure:6642: result: no
configure:6612: checking for f77
configure:6628: found /usr/bin/f77
configure:6639: result: f77
configure:6669: checking for Fortran 77 compiler version
configure:6676: f77 --version >&5
GNU Fortran (Ubuntu 9.4.0-1ubuntu1~20.04.1) 9.4.0
Copyright (C) 2019 Free Software Foundation, Inc.
This is free software; see the source for copying conditions.  There is NO
warranty; not even for MERCHANTABILITY or FITNESS FOR A PARTICULAR PURPOSE.

configure:6679: $? = 0
configure:6686: f77 -v >&5
Using built-in specs.
COLLECT_GCC=f77
COLLECT_LTO_WRAPPER=/usr/lib/gcc/x86_64-linux-gnu/9/lto-wrapper
OFFLOAD_TARGET_NAMES=nvptx-none:hsa
OFFLOAD_TARGET_DEFAULT=1
Target: x86_64-linux-gnu
Configured with: ../src/configure -v --with-pkgversion='Ubuntu 9.4.0-1ubuntu1~20.04.1' --with-bugurl=file:///usr/share/doc/gcc-9/README.Bugs --enable-languages=c,ada,c++,go,brig,d,fortran,objc,obj-c++,gm2 --prefix=/usr --with-gcc-major-version-only --program-suffix=-9 --program-prefix=x86_64-linux-gnu- --enable-shared --enable-linker-build-id --libexecdir=/usr/lib --without-included-gettext --enable-threads=posix --libdir=/usr/lib --enable-nls --enable-clocale=gnu --enable-libstdcxx-debug --enable-libstdcxx-time=yes --with-default-libstdcxx-abi=new --enable-gnu-unique-object --disable-vtable-verify --enable-plugin --enable-default-pie --with-system-zlib --with-target-system-zlib=auto --enable-objc-gc=auto --enable-multiarch --disable-werror --with-arch-32=i686 --with-abi=m64 --with-multilib-list=m32,m64,mx32 --enable-multilib --with-tune=generic --enable-offload-targets=nvptx-none=/build/gcc-9-Av3uEd/gcc-9-9.4.0/debian/tmp-nvptx/usr,hsa --without-cuda-driver --enable-checking=release --build=x86_64-linux-gnu --host=x86_64-linux-gnu --target=x86_64-linux-gnu
Thread model: posix
gcc version 9.4.0 (Ubuntu 9.4.0-1ubuntu1~20.04.1) 
configure:6689: $? = 0
configure:6696: f77 -V >&5
f77: error: unrecognized command line option '-V'
f77: fatal error: no input files
compilation terminated.
configure:6699: $? = 1
configure:6707: checking whether we are using the GNU Fortran 77 compiler
configure:6726: f77 -c  conftest.F >&5
configure:6732: $? = 0
configure:6749: result: yes
configure:6755: checking whether f77 accepts -g
configure:6772: f77 -c -g conftest.f >&5
configure:6778: $? = 0
configure:6794: result: yes
configure:6823: checking the maximum length of command line arguments
configure:6935: result: 1572864
configure:6947: checking command to parse /usr/bin/nm -B output from gcc object
configure:7052: gcc -c -g -O2  conftest.c >&5
configure:7055: $? = 0
configure:7059: /usr/bin/nm -B conftest.o \| sed -n -e 's/^.*[ 	]\([ABCDGIRSTW][ABCDGIRSTW]*\)[ 	][ 	]*\([_A-Za-z][_A-Za-z0-9]*\)$/\1 \2 \2/p' \> conftest.nm
configure:7062: $? = 0
configure:7114: gcc -o conftest -g -O2   conftest.c conftstm.o >&5
configure:7117: $? = 0
configure:7155: result: ok
configure:7159: checking for objdir
configure:7174: result: .libs
configure:7266: checking for ar
configure:7282: found /usr/bin/ar
configure:7293: result: ar
configure:7362: checking for ranlib
configure:7378: found /usr/bin/ranlib
configure:7389: result: ranlib
configure:7458: checking for strip
configure:7474: found /usr/bin/strip
configure:7485: result: strip
configure:8083: checking if gcc supports -fno-rtti -fno-exceptions
configure:8106: gcc -c -g -O2  -fno-rtti -fno-exceptions conftest.c >&5
cc1: warning: command line option '-fno-rtti' is valid for C++/D/ObjC++ but not for C
configure:8110: $? = 0
configure:8118: result: no
configure:8108: checking for gcc option to produce PIC
configure:8340: result: -fPIC
configure:8348: checking if gcc PIC flag -fPIC works
configure:8396: gcc -c -g -O2  -fPIC -DPIC conftest.c >&5
configure:8400: $? = 0
configure:8383: result: yes
configure:8382: checking if gcc static flag -static works
configure:8410: result: yes
configure:8420: checking if gcc supports -c -o file.o
configure:8500: gcc -c -g -O2  -o out/conftest2.o conftest.c >&5
configure:8504: $? = 0
configure:8443: result: yes
configure:8469: checking whether the gcc linker (/usr/bin/ld -m elf_x86_64) supports shared libraries
configure:9450: result: yes
configure:9471: checking whether -lc should be explicitly linked in
configure:9476: gcc -c -g -O2  conftest.c >&5
configure:9479: $? = 0
configure:9494: gcc -shared conftest.o  -v -Wl,-soname -Wl,conftest -o conftest 2\>\&1 \| grep  -lc  \>/dev/null 2\>\&1
configure:9497: $? = 0
configure:9509: result: no
configure:9517: checking dynamic linker characteristics
configure:10131: result: GNU/Linux ld.so
configure:10155: checking how to hardcode library paths into programs
configure:10180: result: immediate
configure:10194: checking whether stripping libraries is possible
configure:10199: result: yes
configure:10323: checking for shl_load
configure:10379: gcc -o conftest -g -O2   conftest.c  >&5
/usr/bin/ld: /tmp/ccGFlF3F.o: in function `main':
/home/lpotin/Téléchargements/CoRK/grad-proj/trunk/gspancpp/igraph/igraph/conftest.c:56: undefined reference to `shl_load'
collect2: error: ld returned 1 exit status
configure:10385: $? = 1
configure: failed program was:
| /* confdefs.h.  */
| #define PACKAGE_NAME "igraph"
| #define PACKAGE_TARNAME "igraph"
| #define PACKAGE_VERSION "0.5.1"
| #define PACKAGE_STRING "igraph 0.5.1"
| #define PACKAGE_BUGREPORT "csardi@rmki.kfki.hu"
| #define PACKAGE "igraph"
| #define VERSION "0.5.1"
| #define STDC_HEADERS 1
| #define HAVE_SYS_TYPES_H 1
| #define HAVE_SYS_STAT_H 1
| #define HAVE_STDLIB_H 1
| #define HAVE_STRING_H 1
| #define HAVE_MEMORY_H 1
| #define HAVE_STRINGS_H 1
| #define HAVE_INTTYPES_H 1
| #define HAVE_STDINT_H 1
| #define HAVE_UNISTD_H 1
| #define HAVE_TIMES_H 1
| #define HAVE_DLFCN_H 1
| /* end confdefs.h.  */
| /* Define shl_load to an innocuous variant, in case <limits.h> declares shl_load.
|    For example, HP-UX 11i <limits.h> declares gettimeofday.  */
| #define shl_load innocuous_shl_load
| 
| /* System header to define __stub macros and hopefully few prototypes,
|     which can conflict with char shl_load (); below.
|     Prefer <limits.h> to <assert.h> if __STDC__ is defined, since
|     <limits.h> exists even on freestanding compilers.  */
| 
| #ifdef __STDC__
| # include <limits.h>
| #else
| # include <assert.h>
| #endif
| 
| #undef shl_load
| 
| /* Override any GCC internal prototype to avoid an error.
|    Use char because int might match the return type of a GCC
|    builtin and then its argument prototype would still apply.  */
| #ifdef __cplusplus
| extern "C"
| #endif
| char shl_load ();
| /* The GNU C library defines this for functions which it implements
|     to always fail with ENOSYS.  Some functions are actually named
|     something starting with __ and the normal name is an alias.  */
| #if defined __stub_shl_load || defined __stub___shl_load
| choke me
| #endif
| 
| int
| main ()
| {
| return shl_load ();
|   ;
|   return 0;
| }
configure:10402: result: no
configure:10407: checking for shl_load in -ldld
configure:10442: gcc -o conftest -g -O2   conftest.c -ldld   >&5
/usr/bin/ld: cannot find -ldld
collect2: error: ld returned 1 exit status
configure:10448: $? = 1
configure: failed program was:
| /* confdefs.h.  */
| #define PACKAGE_NAME "igraph"
| #define PACKAGE_TARNAME "igraph"
| #define PACKAGE_VERSION "0.5.1"
| #define PACKAGE_STRING "igraph 0.5.1"
| #define PACKAGE_BUGREPORT "csardi@rmki.kfki.hu"
| #define PACKAGE "igraph"
| #define VERSION "0.5.1"
| #define STDC_HEADERS 1
| #define HAVE_SYS_TYPES_H 1
| #define HAVE_SYS_STAT_H 1
| #define HAVE_STDLIB_H 1
| #define HAVE_STRING_H 1
| #define HAVE_MEMORY_H 1
| #define HAVE_STRINGS_H 1
| #define HAVE_INTTYPES_H 1
| #define HAVE_STDINT_H 1
| #define HAVE_UNISTD_H 1
| #define HAVE_TIMES_H 1
| #define HAVE_DLFCN_H 1
| /* end confdefs.h.  */
| 
| /* Override any GCC internal prototype to avoid an error.
|    Use char because int might match the return type of a GCC
|    builtin and then its argument prototype would still apply.  */
| #ifdef __cplusplus
| extern "C"
| #endif
| char shl_load ();
| int
| main ()
| {
| return shl_load ();
|   ;
|   return 0;
| }
configure:10466: result: no
configure:10471: checking for dlopen
configure:10527: gcc -o conftest -g -O2   conftest.c  >&5
/usr/bin/ld: /tmp/ccdK9D9j.o: in function `main':
/home/lpotin/Téléchargements/CoRK/grad-proj/trunk/gspancpp/igraph/igraph/conftest.c:56: undefined reference to `dlopen'
collect2: error: ld returned 1 exit status
configure:10533: $? = 1
configure: failed program was:
| /* confdefs.h.  */
| #define PACKAGE_NAME "igraph"
| #define PACKAGE_TARNAME "igraph"
| #define PACKAGE_VERSION "0.5.1"
| #define PACKAGE_STRING "igraph 0.5.1"
| #define PACKAGE_BUGREPORT "csardi@rmki.kfki.hu"
| #define PACKAGE "igraph"
| #define VERSION "0.5.1"
| #define STDC_HEADERS 1
| #define HAVE_SYS_TYPES_H 1
| #define HAVE_SYS_STAT_H 1
| #define HAVE_STDLIB_H 1
| #define HAVE_STRING_H 1
| #define HAVE_MEMORY_H 1
| #define HAVE_STRINGS_H 1
| #define HAVE_INTTYPES_H 1
| #define HAVE_STDINT_H 1
| #define HAVE_UNISTD_H 1
| #define HAVE_TIMES_H 1
| #define HAVE_DLFCN_H 1
| /* end confdefs.h.  */
| /* Define dlopen to an innocuous variant, in case <limits.h> declares dlopen.
|    For example, HP-UX 11i <limits.h> declares gettimeofday.  */
| #define dlopen innocuous_dlopen
| 
| /* System header to define __stub macros and hopefully few prototypes,
|     which can conflict with char dlopen (); below.
|     Prefer <limits.h> to <assert.h> if __STDC__ is defined, since
|     <limits.h> exists even on freestanding compilers.  */
| 
| #ifdef __STDC__
| # include <limits.h>
| #else
| # include <assert.h>
| #endif
| 
| #undef dlopen
| 
| /* Override any GCC internal prototype to avoid an error.
|    Use char because int might match the return type of a GCC
|    builtin and then its argument prototype would still apply.  */
| #ifdef __cplusplus
| extern "C"
| #endif
| char dlopen ();
| /* The GNU C library defines this for functions which it implements
|     to always fail with ENOSYS.  Some functions are actually named
|     something starting with __ and the normal name is an alias.  */
| #if defined __stub_dlopen || defined __stub___dlopen
| choke me
| #endif
| 
| int
| main ()
| {
| return dlopen ();
|   ;
|   return 0;
| }
configure:10550: result: no
configure:10555: checking for dlopen in -ldl
configure:10590: gcc -o conftest -g -O2   conftest.c -ldl   >&5
configure:10596: $? = 0
configure:10614: result: yes
configure:10783: checking whether a program can dlopen itself
configure:10857: gcc -o conftest -g -O2  -DHAVE_DLFCN_H  -Wl,--export-dynamic conftest.c -ldl  >&5
configure: In function 'main':
configure:10936:5: warning: implicit declaration of function 'exit' [-Wimplicit-function-declaration]
10936 | 
      |     ^   
configure:10936:5: warning: incompatible implicit declaration of built-in function 'exit'
configure:10884:1: note: include '<stdlib.h>' or provide a declaration of 'exit'
10883 | 
  +++ |+#include <stdlib.h>
10884 | #include <stdio.h>
configure:10860: $? = 0
configure:10878: result: yes
configure:10883: checking whether a statically linked program can dlopen itself
configure:10957: gcc -o conftest -g -O2  -DHAVE_DLFCN_H  -Wl,--export-dynamic -static conftest.c -ldl  >&5
configure: In function 'main':
configure:11036:5: warning: implicit declaration of function 'exit' [-Wimplicit-function-declaration]
11036 | 
      |     ^   
configure:11036:5: warning: incompatible implicit declaration of built-in function 'exit'
configure:10984:1: note: include '<stdlib.h>' or provide a declaration of 'exit'
10983 | 
  +++ |+#include <stdlib.h>
10984 | #include <stdio.h>
/usr/bin/ld: /tmp/cc0FxXNu.o: in function `main':
/home/lpotin/Téléchargements/CoRK/grad-proj/trunk/gspancpp/igraph/igraph/configure:11024: warning: Using 'dlopen' in statically linked applications requires at runtime the shared libraries from the glibc version used for linking
configure:10960: $? = 0
configure:10978: result: no
configure:11001: checking if libtool supports shared libraries
configure:11003: result: yes
configure:11006: checking whether to build shared libraries
configure:11027: result: yes
configure:11030: checking whether to build static libraries
configure:11034: result: yes
configure:11128: creating libtool
configure:11721: checking for ld used by g++
configure:11788: result: /usr/bin/ld -m elf_x86_64
configure:11797: checking if the linker (/usr/bin/ld -m elf_x86_64) is GNU ld
configure:11812: result: yes
configure:11863: checking whether the g++ linker (/usr/bin/ld -m elf_x86_64) supports shared libraries
configure:12809: result: yes
configure:12826: g++ -c -g -O2  conftest.cpp >&5
configure:12829: $? = 0
configure:12985: checking for g++ option to produce PIC
configure:13269: result: -fPIC
configure:13277: checking if g++ PIC flag -fPIC works
configure:13378: g++ -c -g -O2  -fPIC -DPIC conftest.cpp >&5
configure:13382: $? = 0
configure:13312: result: yes
configure:13340: checking if g++ static flag -static works
configure:13368: result: yes
configure:13378: checking if g++ supports -c -o file.o
configure:13482: g++ -c -g -O2  -o out/conftest2.o conftest.cpp >&5
configure:13486: $? = 0
configure:13425: result: yes
configure:13451: checking whether the g++ linker (/usr/bin/ld -m elf_x86_64) supports shared libraries
configure:13480: result: yes
configure:13547: checking dynamic linker characteristics
configure:14109: result: GNU/Linux ld.so
configure:14133: checking how to hardcode library paths into programs
configure:14158: result: immediate
configure:14697: checking if libtool supports shared libraries
configure:14699: result: yes
configure:14702: checking whether to build shared libraries
configure:14722: result: yes
configure:14725: checking whether to build static libraries
configure:14729: result: yes
configure:14739: checking for f77 option to produce PIC
configure:14971: result: -fPIC
configure:14979: checking if f77 PIC flag -fPIC works
configure:15080: f77 -c -g -O2 -fPIC conftest.f >&5
configure:15084: $? = 0
configure:15014: result: yes
configure:15042: checking if f77 static flag -static works
configure:15070: result: yes
configure:15080: checking if f77 supports -c -o file.o
configure:15184: f77 -c -g -O2 -o out/conftest2.o conftest.f >&5
configure:15188: $? = 0
configure:15127: result: yes
configure:15153: checking whether the f77 linker (/usr/bin/ld -m elf_x86_64) supports shared libraries
configure:16114: result: yes
configure:16181: checking dynamic linker characteristics
configure:16743: result: GNU/Linux ld.so
configure:16767: checking how to hardcode library paths into programs
configure:16792: result: immediate
configure:20409: checking for ANSI C header files
configure:20573: result: yes
configure:20602: checking stdarg.h usability
configure:20619: gcc -c -g -O2  conftest.c >&5
configure:20625: $? = 0
configure:20639: result: yes
configure:20643: checking stdarg.h presence
configure:20658: gcc -E  conftest.c
configure:20664: $? = 0
configure:20678: result: yes
configure:20711: checking for stdarg.h
configure:20719: result: yes
configure:20592: checking for stdlib.h
configure:20598: result: yes
configure:20592: checking for string.h
configure:20598: result: yes
configure:20602: checking time.h usability
configure:20619: gcc -c -g -O2  conftest.c >&5
configure:20625: $? = 0
configure:20639: result: yes
configure:20643: checking time.h presence
configure:20658: gcc -E  conftest.c
configure:20664: $? = 0
configure:20678: result: yes
configure:20711: checking for time.h
configure:20719: result: yes
configure:20592: checking for unistd.h
configure:20598: result: yes
configure:20741: checking for expm1
configure:20797: gcc -o conftest -g -O2   conftest.c  -lm >&5
conftest.c:51:6: warning: conflicting types for built-in function 'expm1'; expected 'double(double)' [-Wbuiltin-declaration-mismatch]
   51 | char expm1 ();
      |      ^~~~~
conftest.c:39:1: note: 'expm1' is declared in header '<math.h>'
   38 | # include <limits.h>
   39 | #else
configure:20803: $? = 0
configure:20821: result: yes
configure:20741: checking for rint
configure:20797: gcc -o conftest -g -O2   conftest.c  -lm >&5
conftest.c:52:6: warning: conflicting types for built-in function 'rint'; expected 'double(double)' [-Wbuiltin-declaration-mismatch]
   52 | char rint ();
      |      ^~~~
conftest.c:40:1: note: 'rint' is declared in header '<math.h>'
   39 | # include <limits.h>
   40 | #else
configure:20803: $? = 0
configure:20821: result: yes
configure:20741: checking for rintf
configure:20797: gcc -o conftest -g -O2   conftest.c  -lm >&5
conftest.c:53:6: warning: conflicting types for built-in function 'rintf'; expected 'float(float)' [-Wbuiltin-declaration-mismatch]
   53 | char rintf ();
      |      ^~~~~
conftest.c:41:1: note: 'rintf' is declared in header '<math.h>'
   40 | # include <limits.h>
   41 | #else
configure:20803: $? = 0
configure:20821: result: yes
configure:20741: checking for finite
configure:20797: gcc -o conftest -g -O2   conftest.c  -lm >&5
conftest.c:54:6: warning: conflicting types for built-in function 'finite'; expected 'int(double)' [-Wbuiltin-declaration-mismatch]
   54 | char finite ();
      |      ^~~~~~
configure:20803: $? = 0
configure:20821: result: yes
configure:21549: checking for xml2-config
configure:21580: result: none
configure:21829: checking for __gmpz_add in -lgmp
configure:21864: gcc -o conftest -g -O2   conftest.c -lgmp   >&5
/usr/bin/ld: cannot find -lgmp
collect2: error: ld returned 1 exit status
configure:21870: $? = 1
configure: failed program was:
| /* confdefs.h.  */
| #define PACKAGE_NAME "igraph"
| #define PACKAGE_TARNAME "igraph"
| #define PACKAGE_VERSION "0.5.1"
| #define PACKAGE_STRING "igraph 0.5.1"
| #define PACKAGE_BUGREPORT "csardi@rmki.kfki.hu"
| #define PACKAGE "igraph"
| #define VERSION "0.5.1"
| #define STDC_HEADERS 1
| #define HAVE_SYS_TYPES_H 1
| #define HAVE_SYS_STAT_H 1
| #define HAVE_STDLIB_H 1
| #define HAVE_STRING_H 1
| #define HAVE_MEMORY_H 1
| #define HAVE_STRINGS_H 1
| #define HAVE_INTTYPES_H 1
| #define HAVE_STDINT_H 1
| #define HAVE_UNISTD_H 1
| #define HAVE_TIMES_H 1
| #define HAVE_DLFCN_H 1
| #define STDC_HEADERS 1
| #define HAVE_STDARG_H 1
| #define HAVE_STDLIB_H 1
| #define HAVE_STRING_H 1
| #define HAVE_TIME_H 1
| #define HAVE_UNISTD_H 1
| #define HAVE_EXPM1 1
| #define HAVE_RINT 1
| #define HAVE_RINTF 1
| #define HAVE_FINITE 1
| /* end confdefs.h.  */
| 
| /* Override any GCC internal prototype to avoid an error.
|    Use char because int might match the return type of a GCC
|    builtin and then its argument prototype would still apply.  */
| #ifdef __cplusplus
| extern "C"
| #endif
| char __gmpz_add ();
| int
| main ()
| {
| return __gmpz_add ();
|   ;
|   return 0;
| }
configure:21888: result: no
configure:23159: creating ./config.status

## ---------------------- ##
## Running config.status. ##
## ---------------------- ##

This file was extended by igraph config.status 0.5.1, which was
generated by GNU Autoconf 2.61.  Invocation command line was

  CONFIG_FILES    = 
  CONFIG_HEADERS  = 
  CONFIG_LINKS    = 
  CONFIG_COMMANDS = 
  $ ./config.status 

on mc116-001604

config.status:701: creating tests/Makefile
config.status:701: creating tests/atlocal
config.status:701: creating Makefile
config.status:701: creating src/Makefile
config.status:701: creating igraph.pc
config.status:701: creating igraph_Info.plist
config.status:701: creating debian/Makefile
config.status:701: creating doc/Makefile
config.status:701: creating doc/book/Makefile
config.status:701: creating interfaces/R/configure.in
config.status:701: creating interfaces/R/Makefile
config.status:701: creating interfaces/R/src/Makevars.win
config.status:701: creating interfaces/R/DESCRIPTION
config.status:701: creating interfaces/Makefile
config.status:701: creating interfaces/shell/Makefile
config.status:701: creating config.h
config.status:942: config.h is unchanged
config.status:989: executing tests/atconfig commands
config.status:989: executing depfiles commands
configure:24496: result: igraph successfully configured.
configure:24498: result:   GraphML format support -- no
configure:24500: result:   GMP library support    -- no
configure:24502: result:   Use internal ARPACK    -- yes
configure:24504: result:   Use internal LAPACK    -- yes
configure:24506: result:   Use internal BLAS      -- yes
configure:24508: result:   Debug build            -- no
configure:24510: result:   Profiling              -- no
configure:24512: result:   Shell interface        -- no

## ---------------- ##
## Cache variables. ##
## ---------------- ##

ac_cv_build=x86_64-unknown-linux-gnu
ac_cv_c_compiler_gnu=yes
ac_cv_cxx_compiler_gnu=yes
ac_cv_env_CCC_set=
ac_cv_env_CCC_value=
ac_cv_env_CC_set=
ac_cv_env_CC_value=
ac_cv_env_CFLAGS_set=
ac_cv_env_CFLAGS_value=
ac_cv_env_CPPFLAGS_set=
ac_cv_env_CPPFLAGS_value=
ac_cv_env_CPP_set=
ac_cv_env_CPP_value=
ac_cv_env_CXXCPP_set=
ac_cv_env_CXXCPP_value=
ac_cv_env_CXXFLAGS_set=
ac_cv_env_CXXFLAGS_value=
ac_cv_env_CXX_set=
ac_cv_env_CXX_value=
ac_cv_env_F77_set=
ac_cv_env_F77_value=
ac_cv_env_FFLAGS_set=
ac_cv_env_FFLAGS_value=
ac_cv_env_LDFLAGS_set=
ac_cv_env_LDFLAGS_value=
ac_cv_env_LIBS_set=
ac_cv_env_LIBS_value=
ac_cv_env_YACC_set=
ac_cv_env_YACC_value=
ac_cv_env_YFLAGS_set=
ac_cv_env_YFLAGS_value=
ac_cv_env_build_alias_set=
ac_cv_env_build_alias_value=
ac_cv_env_host_alias_set=
ac_cv_env_host_alias_value=
ac_cv_env_target_alias_set=
ac_cv_env_target_alias_value=
ac_cv_f77_compiler_gnu=yes
ac_cv_func_dlopen=no
ac_cv_func_expm1=yes
ac_cv_func_finite=yes
ac_cv_func_rint=yes
ac_cv_func_rintf=yes
ac_cv_func_shl_load=no
ac_cv_header_dlfcn_h=yes
ac_cv_header_inttypes_h=yes
ac_cv_header_memory_h=yes
ac_cv_header_stdarg_h=yes
ac_cv_header_stdc=yes
ac_cv_header_stdint_h=yes
ac_cv_header_stdlib_h=yes
ac_cv_header_string_h=yes
ac_cv_header_strings_h=yes
ac_cv_header_sys_stat_h=yes
ac_cv_header_sys_times_h=yes
ac_cv_header_sys_types_h=yes
ac_cv_header_time_h=yes
ac_cv_header_unistd_h=yes
ac_cv_host=x86_64-unknown-linux-gnu
ac_cv_lib_dl_dlopen=yes
ac_cv_lib_dld_shl_load=no
ac_cv_lib_gmp___gmpz_add=no
ac_cv_objext=o
ac_cv_path_EGREP='/usr/bin/grep -E'
ac_cv_path_GREP=/usr/bin/grep
ac_cv_path_XML2CONFIG=none
ac_cv_path_install='/usr/bin/install -c'
ac_cv_path_mkdir=/usr/bin/mkdir
ac_cv_prog_AWK=mawk
ac_cv_prog_CPP='gcc -E'
ac_cv_prog_CXXCPP='g++ -E'
ac_cv_prog_ac_ct_AR=ar
ac_cv_prog_ac_ct_CC=gcc
ac_cv_prog_ac_ct_CXX=g++
ac_cv_prog_ac_ct_F77=f77
ac_cv_prog_ac_ct_RANLIB=ranlib
ac_cv_prog_ac_ct_STRIP=strip
ac_cv_prog_cc_c89=
ac_cv_prog_cc_g=yes
ac_cv_prog_cxx_g=yes
ac_cv_prog_f77_g=yes
ac_cv_prog_make_make_set=yes
am_cv_CC_dependencies_compiler_type=gcc3
am_cv_CXX_dependencies_compiler_type=gcc3
lt_cv_deplibs_check_method=pass_all
lt_cv_dlopen=dlopen
lt_cv_dlopen_libs=-ldl
lt_cv_dlopen_self=yes
lt_cv_dlopen_self_static=no
lt_cv_file_magic_cmd='$MAGIC_CMD'
lt_cv_file_magic_test_file=
lt_cv_ld_reload_flag=-r
lt_cv_objdir=.libs
lt_cv_path_LD=/usr/bin/ld
lt_cv_path_LDCXX='/usr/bin/ld -m elf_x86_64'
lt_cv_path_NM='/usr/bin/nm -B'
lt_cv_path_SED=/usr/bin/sed
lt_cv_prog_compiler_c_o=yes
lt_cv_prog_compiler_c_o_CXX=yes
lt_cv_prog_compiler_c_o_F77=yes
lt_cv_prog_compiler_pic_works=yes
lt_cv_prog_compiler_pic_works_CXX=yes
lt_cv_prog_compiler_pic_works_F77=yes
lt_cv_prog_compiler_rtti_exceptions=no
lt_cv_prog_compiler_static_works=yes
lt_cv_prog_compiler_static_works_CXX=yes
lt_cv_prog_compiler_static_works_F77=yes
lt_cv_prog_gnu_ld=yes
lt_cv_prog_gnu_ldcxx=yes
lt_cv_sys_global_symbol_pipe='sed -n -e '\''s/^.*[ 	]\([ABCDGIRSTW][ABCDGIRSTW]*\)[ 	][ 	]*\([_A-Za-z][_A-Za-z0-9]*\)$/\1 \2 \2/p'\'''
lt_cv_sys_global_symbol_to_c_name_address='sed -n -e '\''s/^: \([^ ]*\) $/  {\"\1\", (lt_ptr) 0},/p'\'' -e '\''s/^[BCDEGRST] \([^ ]*\) \([^ ]*\)$/  {"\2", (lt_ptr) \&\2},/p'\'''
lt_cv_sys_global_symbol_to_cdecl='sed -n -e '\''s/^. .* \(.*\)$/extern int \1;/p'\'''
lt_cv_sys_lib_dlsearch_path_spec='/lib /usr/lib /usr/lib/x86_64-linux-gnu/libfakeroot /usr/local/lib /usr/local/lib/x86_64-linux-gnu /lib/x86_64-linux-gnu /usr/lib/x86_64-linux-gnu /lib32 /usr/lib32 /libx32 /usr/libx32 '
lt_cv_sys_lib_search_path_spec='/usr/lib/gcc/x86_64-linux-gnu/9 /usr/lib/x86_64-linux-gnu /usr/lib /lib/x86_64-linux-gnu /lib'
lt_cv_sys_max_cmd_len=1572864
lt_lt_cv_prog_compiler_c_o='"yes"'
lt_lt_cv_prog_compiler_c_o_CXX='"yes"'
lt_lt_cv_prog_compiler_c_o_F77='"yes"'
lt_lt_cv_sys_global_symbol_pipe='"sed -n -e '\''s/^.*[ 	]\\([ABCDGIRSTW][ABCDGIRSTW]*\\)[ 	][ 	]*\\([_A-Za-z][_A-Za-z0-9]*\\)\$/\\1 \\2 \\2/p'\''"'
lt_lt_cv_sys_global_symbol_to_c_name_address='"sed -n -e '\''s/^: \\([^ ]*\\) \$/  {\\\"\\1\\\", (lt_ptr) 0},/p'\'' -e '\''s/^[BCDEGRST] \\([^ ]*\\) \\([^ ]*\\)\$/  {\"\\2\", (lt_ptr) \\&\\2},/p'\''"'
lt_lt_cv_sys_global_symbol_to_cdecl='"sed -n -e '\''s/^. .* \\(.*\\)\$/extern int \\1;/p'\''"'

## ----------------- ##
## Output variables. ##
## ----------------- ##

ACLOCAL='${SHELL} /home/lpotin/Téléchargements/CoRK/grad-proj/trunk/gspancpp/igraph/igraph/missing --run aclocal-1.10'
AMDEPBACKSLASH='\'
AMDEP_FALSE='#'
AMDEP_TRUE=''
AMTAR='${SHELL} /home/lpotin/Téléchargements/CoRK/grad-proj/trunk/gspancpp/igraph/igraph/missing --run tar'
AR='ar'
AS='as'
AUTOCONF='${SHELL} /home/lpotin/Téléchargements/CoRK/grad-proj/trunk/gspancpp/igraph/igraph/missing --run autoconf'
AUTOHEADER='${SHELL} /home/lpotin/Téléchargements/CoRK/grad-proj/trunk/gspancpp/igraph/igraph/missing --run autoheader'
AUTOM4TE='${SHELL} /home/lpotin/Téléchargements/CoRK/grad-proj/trunk/gspancpp/igraph/igraph/missing --run autom4te'
AUTOMAKE='${SHELL} /home/lpotin/Téléchargements/CoRK/grad-proj/trunk/gspancpp/igraph/igraph/missing --run automake-1.10'
AWK='mawk'
CC='gcc'
CCDEPMODE='depmode=gcc3'
CFLAGS='-g -O2'
CPP='gcc -E'
CPPFLAGS=''
CXX='g++'
CXXCPP='g++ -E'
CXXDEPMODE='depmode=gcc3'
CXXFLAGS='-g -O2'
CYGPATH_W='echo'
DEFS='-DHAVE_CONFIG_H'
DEPDIR='.deps'
DLLTOOL='dlltool'
DSYMUTIL=''
ECHO='echo'
ECHO_C=''
ECHO_N='-n'
ECHO_T=''
EGREP='/usr/bin/grep -E'
EXEEXT=''
F77='f77'
FFLAGS='-g -O2'
GREP='/usr/bin/grep'
INSTALL_DATA='${INSTALL} -m 644'
INSTALL_PROGRAM='${INSTALL}'
INSTALL_SCRIPT='${INSTALL}'
INSTALL_STRIP_PROGRAM='$(install_sh) -c -s'
INTERNAL_ARPACK_FALSE='#'
INTERNAL_ARPACK_TRUE=''
INTERNAL_BLAS_FALSE='#'
INTERNAL_BLAS_TRUE=''
INTERNAL_LAPACK_FALSE='#'
INTERNAL_LAPACK_TRUE=''
LDFLAGS=''
LEX='${SHELL} /home/lpotin/Téléchargements/CoRK/grad-proj/trunk/gspancpp/igraph/igraph/missing --run flex'
LEXLIB=''
LEX_OUTPUT_ROOT=''
LIBOBJS=''
LIBS=''
LIBTOOL='$(SHELL) $(top_builddir)/libtool'
LN_S='ln -s'
LTLIBOBJS=''
MAKEINFO='${SHELL} /home/lpotin/Téléchargements/CoRK/grad-proj/trunk/gspancpp/igraph/igraph/missing --run makeinfo'
NMEDIT=''
OBJDUMP='objdump'
OBJEXT='o'
PACKAGE='igraph'
PACKAGE_BUGREPORT='csardi@rmki.kfki.hu'
PACKAGE_NAME='igraph'
PACKAGE_STRING='igraph 0.5.1'
PACKAGE_TARNAME='igraph'
PACKAGE_VERSION='0.5.1'
PATH_SEPARATOR=':'
RANLIB='ranlib'
SED='/usr/bin/sed'
SET_MAKE=''
SHELL='/bin/bash'
STRIP='strip'
USE_SHELL_FALSE=''
USE_SHELL_TRUE='#'
VERSION='0.5.1'
WARNING_CFLAGS=''
WERROR_CFLAGS=''
XML2CONFIG='none'
XML2_CFLAGS=''
XML2_LIBS=''
YACC='yacc'
YFLAGS=''
ac_ct_CC='gcc'
ac_ct_CXX='g++'
ac_ct_F77='f77'
am__fastdepCC_FALSE='#'
am__fastdepCC_TRUE=''
am__fastdepCXX_FALSE='#'
am__fastdepCXX_TRUE=''
am__include='include'
am__isrc=''
am__leading_dot='.'
am__quote=''
am__tar='${AMTAR} chof - "$$tardir"'
am__untar='${AMTAR} xf -'
bindir='${exec_prefix}/bin'
build='x86_64-unknown-linux-gnu'
build_alias=''
build_cpu='x86_64'
build_os='linux-gnu'
build_vendor='unknown'
datadir='${datarootdir}'
datarootdir='${prefix}/share'
docdir='${datarootdir}/doc/${PACKAGE_TARNAME}'
dvidir='${docdir}'
exec_prefix='${prefix}'
host='x86_64-unknown-linux-gnu'
host_alias=''
host_cpu='x86_64'
host_os='linux-gnu'
host_vendor='unknown'
htmldir='${docdir}'
includedir='${prefix}/include'
infodir='${datarootdir}/info'
install_sh='$(SHELL) /home/lpotin/Téléchargements/CoRK/grad-proj/trunk/gspancpp/igraph/igraph/install-sh'
libdir='${exec_prefix}/lib'
libexecdir='${exec_prefix}/libexec'
localedir='${datarootdir}/locale'
localstatedir='${prefix}/var'
mandir='${datarootdir}/man'
mkdir_p='/usr/bin/mkdir -p'
oldincludedir='/usr/include'
pdfdir='${docdir}'
prefix='/usr/local'
program_transform_name='s,x,x,'
psdir='${docdir}'
sbindir='${exec_prefix}/sbin'
sharedstatedir='${prefix}/com'
sysconfdir='${prefix}/etc'
target_alias=''

## ----------- ##
## confdefs.h. ##
## ----------- ##

#define PACKAGE_NAME "igraph"
#define PACKAGE_TARNAME "igraph"
#define PACKAGE_VERSION "0.5.1"
#define PACKAGE_STRING "igraph 0.5.1"
#define PACKAGE_BUGREPORT "csardi@rmki.kfki.hu"
#define PACKAGE "igraph"
#define VERSION "0.5.1"
#define STDC_HEADERS 1
#define HAVE_SYS_TYPES_H 1
#define HAVE_SYS_STAT_H 1
#define HAVE_STDLIB_H 1
#define HAVE_STRING_H 1
#define HAVE_MEMORY_H 1
#define HAVE_STRINGS_H 1
#define HAVE_INTTYPES_H 1
#define HAVE_STDINT_H 1
#define HAVE_UNISTD_H 1
#define HAVE_TIMES_H 1
#define HAVE_DLFCN_H 1
#define STDC_HEADERS 1
#define HAVE_STDARG_H 1
#define HAVE_STDLIB_H 1
#define HAVE_STRING_H 1
#define HAVE_TIME_H 1
#define HAVE_UNISTD_H 1
#define HAVE_EXPM1 1
#define HAVE_RINT 1
#define HAVE_RINTF 1
#define HAVE_FINITE 1
#define INTERNAL_BLAS 1
#define INTERNAL_LAPACK 1
#define INTERNAL_ARPACK 1

configure: exit 0
